<?xml version="1.0" encoding="UTF-8"?>
<robot generator="Robot 5.0.1 (Python 3.10.4 on win32)" generated="20220810 09:13:48.820" rpa="false" schemaversion="3">
<suite id="s1" name="Robotframework-Tests" source="C:\Users\lucas.schuch\Documents\Estudos\RobotFramework Tests\robotframework-tests">
<suite id="s1-s1" name="Bdd Youtube Video" source="C:\Users\lucas.schuch\Documents\Estudos\RobotFramework Tests\robotframework-tests\bdd_youtube_video.robot">
<test id="s1-s1-t1" name="Case 1: Playing a song video to the end" line="48">
<kw name="Given that we visit youtube website">
<kw name="Open Browser" library="SeleniumLibrary">
<arg>${URL}</arg>
<arg>${Browser}</arg>
<doc>Opens a new browser instance to the optional ``url``.</doc>
<msg timestamp="20220810 09:13:49.023" level="INFO">Opening browser 'chrome' to base url 'https://www.youtube.com/'.</msg>
<status status="PASS" starttime="20220810 09:13:49.022" endtime="20220810 09:13:54.421"/>
</kw>
<status status="PASS" starttime="20220810 09:13:49.021" endtime="20220810 09:13:54.421"/>
</kw>
<kw name="When typed the name of the music">
<kw name="Input Text" library="SeleniumLibrary">
<arg>${search_input}</arg>
<arg>${music_name}</arg>
<doc>Types the given ``text`` into the text field identified by ``locator``.</doc>
<msg timestamp="20220810 09:13:54.424" level="INFO">Typing text 'metallica master of puppets' into text field '//input[@id="search"]'.</msg>
<status status="PASS" starttime="20220810 09:13:54.423" endtime="20220810 09:13:54.576"/>
</kw>
<status status="PASS" starttime="20220810 09:13:54.422" endtime="20220810 09:13:54.577"/>
</kw>
<kw name="And click the search button">
<kw name="Click Element" library="SeleniumLibrary">
<arg>${search_button}</arg>
<doc>Click the element identified by ``locator``.</doc>
<msg timestamp="20220810 09:13:54.579" level="INFO">Clicking element '//button[@id="search-icon-legacy"]'.</msg>
<status status="PASS" starttime="20220810 09:13:54.578" endtime="20220810 09:13:54.700"/>
</kw>
<status status="PASS" starttime="20220810 09:13:54.577" endtime="20220810 09:13:54.701"/>
</kw>
<kw name="And click the first option in the list">
<kw name="Wait Until Element Is Visible" library="SeleniumLibrary">
<arg>${first_result}</arg>
<arg>10</arg>
<doc>Waits until the element ``locator`` is visible.</doc>
<status status="PASS" starttime="20220810 09:13:54.702" endtime="20220810 09:13:55.888"/>
</kw>
<kw name="Click Element" library="SeleniumLibrary">
<arg>${first_result}</arg>
<doc>Click the element identified by ``locator``.</doc>
<msg timestamp="20220810 09:13:55.889" level="INFO">Clicking element '(//yt-formatted-string[@class="style-scope ytd-video-renderer"])[1]'.</msg>
<status status="PASS" starttime="20220810 09:13:55.888" endtime="20220810 09:13:56.037"/>
</kw>
<status status="PASS" starttime="20220810 09:13:54.701" endtime="20220810 09:13:56.038"/>
</kw>
<kw name="And the video is played">
<kw name="Wait Until Element Is Visible" library="SeleniumLibrary">
<arg>${skip_button}</arg>
<arg>7</arg>
<doc>Waits until the element ``locator`` is visible.</doc>
<status status="PASS" starttime="20220810 09:13:56.040" endtime="20220810 09:14:02.089"/>
</kw>
<kw name="Element Should Be Visible" library="SeleniumLibrary">
<arg>${skip_button}</arg>
<doc>Verifies that the element identified by ``locator`` is visible.</doc>
<msg timestamp="20220810 09:14:02.107" level="INFO">Element '//button[@class="ytp-ad-skip-button ytp-button"]' is displayed.</msg>
<status status="PASS" starttime="20220810 09:14:02.089" endtime="20220810 09:14:02.108"/>
</kw>
<kw name="Click Element" library="SeleniumLibrary">
<arg>${skip_button}</arg>
<doc>Click the element identified by ``locator``.</doc>
<msg timestamp="20220810 09:14:02.109" level="INFO">Clicking element '//button[@class="ytp-ad-skip-button ytp-button"]'.</msg>
<status status="PASS" starttime="20220810 09:14:02.108" endtime="20220810 09:14:02.306"/>
</kw>
<status status="PASS" starttime="20220810 09:13:56.039" endtime="20220810 09:14:02.306"/>
</kw>
<kw name="Then close the browser">
<kw name="Sleep" library="BuiltIn">
<arg>${video_duration}</arg>
<doc>Pauses the test executed for the given time.</doc>
<msg timestamp="20220810 09:22:40.311" level="INFO">Slept 8 minutes 38 seconds</msg>
<status status="PASS" starttime="20220810 09:14:02.308" endtime="20220810 09:22:40.313"/>
</kw>
<kw name="Close Browser" library="SeleniumLibrary">
<doc>Closes the current browser.</doc>
<status status="PASS" starttime="20220810 09:22:40.313" endtime="20220810 09:22:42.570"/>
</kw>
<status status="PASS" starttime="20220810 09:14:02.307" endtime="20220810 09:22:42.573"/>
</kw>
<status status="PASS" starttime="20220810 09:13:49.020" endtime="20220810 09:22:42.575"/>
</test>
<status status="PASS" starttime="20220810 09:13:48.843" endtime="20220810 09:22:42.582"/>
</suite>
<status status="PASS" starttime="20220810 09:13:48.823" endtime="20220810 09:22:42.591"/>
</suite>
<statistics>
<total>
<stat pass="1" fail="0" skip="0">All Tests</stat>
</total>
<tag>
</tag>
<suite>
<stat pass="1" fail="0" skip="0" id="s1" name="Robotframework-Tests">Robotframework-Tests</stat>
<stat pass="1" fail="0" skip="0" id="s1-s1" name="Bdd Youtube Video">Robotframework-Tests.Bdd Youtube Video</stat>
</suite>
</statistics>
<errors>
</errors>
</robot>
